<?xml version="1.0" encoding="UTF-8"?>
<!-- Generated by org.testng.reporters.JUnitXMLReporter -->
<testsuite hostname="LAPTOP-D5VLHENF" ignored="0" name="Test" tests="8" failures="3" timestamp="2022-02-25T22:04:31 YAKT" time="0.055" errors="0">
  <testcase name="TestNG_AgeAvg" time="0.005" classname="online_tusur.unit_online_tusur.StudentTestNGParam"/>
  <testcase name="avgAgeTest" time="0.001" classname="online_tusur.unit_online_tusur.StudentTestNGParam"/>
  <testcase name="testNG_getAge" time="0.002" classname="online_tusur.unit_online_tusur.GetAgeTest"/>
  <testcase name="testNG_getAge" time="0.004" classname="online_tusur.unit_online_tusur.GetAgeTest">
    <failure type="java.lang.AssertionError" message="expected [18] but found [50]">
      <![CDATA[java.lang.AssertionError: expected [18] but found [50]
at online_tusur.unit_online_tusur.GetAgeTest.testNG_getAge(StudentTestNGDynam.java:67)
at java.util.concurrent.FutureTask.run(FutureTask.java:266)
at java.util.concurrent.Executors$RunnableAdapter.call(Executors.java:511)
at java.util.concurrent.FutureTask.run(FutureTask.java:266)
at java.util.concurrent.ThreadPoolExecutor.runWorker(ThreadPoolExecutor.java:1149)
at java.util.concurrent.ThreadPoolExecutor$Worker.run(ThreadPoolExecutor.java:624)
at java.lang.Thread.run(Thread.java:748)
... Removed 15 stack frames]]>
    </failure>
  </testcase> <!-- testNG_getAge -->
  <testcase name="testNG_getFirstName" time="0.001" classname="online_tusur.unit_online_tusur.GetFirstNameTest"/>
  <testcase name="testNG_getFirstName" time="0.002" classname="online_tusur.unit_online_tusur.GetFirstNameTest">
    <failure type="java.lang.AssertionError" message="expected [Alla-victoria] but found [Alla-Victoria]">
      <![CDATA[java.lang.AssertionError: expected [Alla-victoria] but found [Alla-Victoria]
at online_tusur.unit_online_tusur.GetFirstNameTest.testNG_getFirstName(StudentTestNGDynam.java:50)
at java.util.concurrent.FutureTask.run(FutureTask.java:266)
at java.util.concurrent.Executors$RunnableAdapter.call(Executors.java:511)
at java.util.concurrent.FutureTask.run(FutureTask.java:266)
at java.util.concurrent.ThreadPoolExecutor.runWorker(ThreadPoolExecutor.java:1149)
at java.util.concurrent.ThreadPoolExecutor$Worker.run(ThreadPoolExecutor.java:624)
at java.lang.Thread.run(Thread.java:748)
... Removed 15 stack frames]]>
    </failure>
  </testcase> <!-- testNG_getFirstName -->
  <testcase name="testNG_getLastName" time="0.001" classname="online_tusur.unit_online_tusur.GetLastNameTest">
    <failure type="java.lang.AssertionError" message="expected [Petrova-sergeeva] but found [Petrova-Sergeeva]">
      <![CDATA[java.lang.AssertionError: expected [Petrova-sergeeva] but found [Petrova-Sergeeva]
at online_tusur.unit_online_tusur.GetLastNameTest.testNG_getLastName(StudentTestNGDynam.java:33)
at java.util.concurrent.FutureTask.run(FutureTask.java:266)
at java.util.concurrent.Executors$RunnableAdapter.call(Executors.java:511)
at java.util.concurrent.FutureTask.run(FutureTask.java:266)
at java.util.concurrent.ThreadPoolExecutor.runWorker(ThreadPoolExecutor.java:1149)
at java.util.concurrent.ThreadPoolExecutor$Worker.run(ThreadPoolExecutor.java:624)
at java.lang.Thread.run(Thread.java:748)
... Removed 15 stack frames]]>
    </failure>
  </testcase> <!-- testNG_getLastName -->
  <testcase name="testNG_getLastName" time="0.002" classname="online_tusur.unit_online_tusur.GetLastNameTest"/>
</testsuite> <!-- Test -->
